[debug] [2021-11-18T17:28:41.587Z] ----------------------------------------------------------------------
[debug] [2021-11-18T17:28:41.590Z] Command:       C:\Program Files\nodejs\node.exe C:\Program Files\nodejs\node_modules\firebase-tools\lib\bin\firebase.js init hosting
[debug] [2021-11-18T17:28:41.590Z] CLI Version:   9.20.0
[debug] [2021-11-18T17:28:41.590Z] Platform:      win32
[debug] [2021-11-18T17:28:41.590Z] Node Version:  v16.6.0
[debug] [2021-11-18T17:28:41.591Z] Time:          Thu Nov 18 2021 23:28:41 GMT+0600 (Bangladesh Standard Time)
[debug] [2021-11-18T17:28:41.591Z] ----------------------------------------------------------------------
[debug] 
[debug] [2021-11-18T17:28:41.598Z] > command requires scopes: ["email","openid","https://www.googleapis.com/auth/cloudplatformprojects.readonly","https://www.googleapis.com/auth/firebase","https://www.googleapis.com/auth/cloud-platform"]
[debug] [2021-11-18T17:28:41.598Z] > authorizing via signed-in user (mizanmahi.dev@gmail.com)
[info] 
     ######## #### ########  ######## ########     ###     ######  ########
     ##        ##  ##     ## ##       ##     ##  ##   ##  ##       ##
     ######    ##  ########  ######   ########  #########  ######  ######
     ##        ##  ##    ##  ##       ##     ## ##     ##       ## ##
     ##       #### ##     ## ######## ########  ##     ##  ######  ########

You're about to initialize a Firebase project in this directory:

  D:\Projects\Programming Hero\Assignment Projetcs\sebok

[info] 
=== Project Setup
[info] 
[info] First, let's associate this project directory with a Firebase project.
[info] You can create multiple project aliases by running firebase use --add, 
[info] but for now we'll just set up a default project.
[info] 
[debug] [2021-11-18T17:34:50.309Z] >>> [apiv2][query] GET https://firebase.googleapis.com/v1beta1/projects pageSize=100
[debug] [2021-11-18T17:34:51.202Z] <<< [apiv2][status] GET https://firebase.googleapis.com/v1beta1/projects 200
[debug] [2021-11-18T17:34:51.203Z] <<< [apiv2][body] GET https://firebase.googleapis.com/v1beta1/projects [omitted]
[info] i  Using project sebok-2b3c9 (sebok) 
[info] 
=== Hosting Setup
[info] 
[info] Your public directory is the folder (relative to your project directory) that
[info] will contain Hosting assets to be uploaded with firebase deploy. If you
[info] have a build process for your assets, use your build's output directory.
[info] 
